<?xml version="1.0" encoding="UTF-8"?>
<testng-results ignored="0" total="2" passed="2" failed="0" skipped="0">
  <reporter-output>
  </reporter-output>
  <suite started-at="2024-01-09T23:28:14 IST" name="Default suite" finished-at="2024-01-09T23:28:36 IST" duration-ms="22307">
    <groups>
    </groups>
    <test started-at="2024-01-09T23:28:14 IST" name="Default test" finished-at="2024-01-09T23:28:36 IST" duration-ms="22307">
      <class name="testpkg.Saucetest">
        <test-method is-config="true" signature="setup()[pri:0, instance:testpkg.Saucetest@65c7a252]" started-at="2024-01-09T23:28:14 IST" name="setup" finished-at="2024-01-09T23:28:22 IST" duration-ms="7841" status="PASS">
          <reporter-output>
          </reporter-output>
        </test-method> <!-- setup -->
        <test-method signature="testing()[pri:0, instance:testpkg.Saucetest@65c7a252]" started-at="2024-01-09T23:28:22 IST" name="testing" finished-at="2024-01-09T23:28:28 IST" duration-ms="5727" status="PASS">
          <reporter-output>
          </reporter-output>
        </test-method> <!-- testing -->
        <test-method signature="test2()[pri:1, instance:testpkg.Saucetest@65c7a252]" started-at="2024-01-09T23:28:28 IST" name="test2" finished-at="2024-01-09T23:28:36 IST" duration-ms="8606" status="PASS">
          <reporter-output>
          </reporter-output>
        </test-method> <!-- test2 -->
      </class> <!-- testpkg.Saucetest -->
    </test> <!-- Default test -->
  </suite> <!-- Default suite -->
</testng-results>
